<?xml version="1.0" encoding="UTF-8"?>
<!-- Generated by org.testng.reporters.JUnitReportReporter -->
<testsuite hostname="DESKTOP-A3V5S17" failures="0" tests="2" name="OMDBSearch.OMDBSearchTestCases" time="2.328" errors="0" timestamp="2021-04-19T12:11:09 TRT" skipped="0">
  <testcase classname="OMDBSearch.OMDBSearchTestCases" name="getMoviesbyTitle" time="2.102"/>
  <system-out/>
  <testcase classname="OMDBSearch.OMDBSearchTestCases" name="getMoviesbyID" time="0.226"/>
  <system-out/>
</testsuite> <!-- OMDBSearch.OMDBSearchTestCases -->
