<?xml version="1.0" encoding="UTF-8"?>
<!-- Generated by org.testng.reporters.JUnitReportReporter -->
<testsuite hostname="DESKTOP-A3V5S17" failures="0" tests="2" name="Test01_GET" time="2.990" errors="0" timestamp="2021-04-18T18:12:14 TRT" skipped="0">
  <testcase classname="Test01_GET" name="getMoviesbyTitle" time="2.763"/>
  <system-out/>
  <testcase classname="Test01_GET" name="getMoviesbyID" time="0.227"/>
  <system-out/>
</testsuite> <!-- Test01_GET -->
